mode: set
github.com/authzed/spicedb/pkg/query/alias.go:14.55,19.2 1 1
github.com/authzed/spicedb/pkg/query/alias.go:21.105,23.37 1 1
github.com/authzed/spicedb/pkg/query/alias.go:23.37,27.51 2 1
github.com/authzed/spicedb/pkg/query/alias.go:27.51,38.18 3 1
github.com/authzed/spicedb/pkg/query/alias.go:38.18,40.5 1 1
github.com/authzed/spicedb/pkg/query/alias.go:42.4,42.47 1 1
github.com/authzed/spicedb/pkg/query/alias.go:42.47,44.30 1 1
github.com/authzed/spicedb/pkg/query/alias.go:44.30,46.6 1 1
github.com/authzed/spicedb/pkg/query/alias.go:49.5,49.35 1 1
github.com/authzed/spicedb/pkg/query/alias.go:49.35,50.20 1 1
github.com/authzed/spicedb/pkg/query/alias.go:50.20,53.7 2 1
github.com/authzed/spicedb/pkg/query/alias.go:55.6,56.27 2 0
github.com/authzed/spicedb/pkg/query/alias.go:56.27,58.7 1 0
github.com/authzed/spicedb/pkg/query/alias.go:65.2,66.16 2 1
github.com/authzed/spicedb/pkg/query/alias.go:66.16,68.3 1 1
github.com/authzed/spicedb/pkg/query/alias.go:70.2,70.45 1 1
github.com/authzed/spicedb/pkg/query/alias.go:70.45,71.33 1 1
github.com/authzed/spicedb/pkg/query/alias.go:71.33,72.18 1 1
github.com/authzed/spicedb/pkg/query/alias.go:72.18,75.5 2 1
github.com/authzed/spicedb/pkg/query/alias.go:77.4,78.25 2 1
github.com/authzed/spicedb/pkg/query/alias.go:78.25,80.5 1 1
github.com/authzed/spicedb/pkg/query/alias.go:85.82,87.16 2 1
github.com/authzed/spicedb/pkg/query/alias.go:87.16,89.3 1 1
github.com/authzed/spicedb/pkg/query/alias.go:91.2,91.45 1 1
github.com/authzed/spicedb/pkg/query/alias.go:91.45,92.33 1 1
github.com/authzed/spicedb/pkg/query/alias.go:92.33,93.18 1 1
github.com/authzed/spicedb/pkg/query/alias.go:93.18,96.5 2 1
github.com/authzed/spicedb/pkg/query/alias.go:98.4,99.25 2 1
github.com/authzed/spicedb/pkg/query/alias.go:99.25,101.5 1 1
github.com/authzed/spicedb/pkg/query/alias.go:106.93,108.16 2 1
github.com/authzed/spicedb/pkg/query/alias.go:108.16,110.3 1 1
github.com/authzed/spicedb/pkg/query/alias.go:112.2,112.45 1 1
github.com/authzed/spicedb/pkg/query/alias.go:112.45,113.33 1 1
github.com/authzed/spicedb/pkg/query/alias.go:113.33,114.18 1 1
github.com/authzed/spicedb/pkg/query/alias.go:114.18,117.5 2 1
github.com/authzed/spicedb/pkg/query/alias.go:119.4,120.25 2 1
github.com/authzed/spicedb/pkg/query/alias.go:120.25,122.5 1 1
github.com/authzed/spicedb/pkg/query/alias.go:127.34,132.2 1 1
github.com/authzed/spicedb/pkg/query/alias.go:134.35,140.2 1 1
github.com/authzed/spicedb/pkg/query/arrow.go:20.44,25.2 1 1
github.com/authzed/spicedb/pkg/query/arrow.go:27.105,39.45 1 1
github.com/authzed/spicedb/pkg/query/arrow.go:39.45,43.48 3 1
github.com/authzed/spicedb/pkg/query/arrow.go:43.48,47.18 3 1
github.com/authzed/spicedb/pkg/query/arrow.go:47.18,50.5 2 0
github.com/authzed/spicedb/pkg/query/arrow.go:52.4,53.33 2 1
github.com/authzed/spicedb/pkg/query/arrow.go:53.33,54.19 1 1
github.com/authzed/spicedb/pkg/query/arrow.go:54.19,57.6 2 0
github.com/authzed/spicedb/pkg/query/arrow.go:58.5,64.19 5 1
github.com/authzed/spicedb/pkg/query/arrow.go:64.19,67.6 2 0
github.com/authzed/spicedb/pkg/query/arrow.go:69.5,70.41 2 1
github.com/authzed/spicedb/pkg/query/arrow.go:70.41,71.20 1 1
github.com/authzed/spicedb/pkg/query/arrow.go:71.20,74.7 2 0
github.com/authzed/spicedb/pkg/query/arrow.go:75.6,80.55 3 1
github.com/authzed/spicedb/pkg/query/arrow.go:80.55,83.7 1 1
github.com/authzed/spicedb/pkg/query/arrow.go:83.12,83.35 1 1
github.com/authzed/spicedb/pkg/query/arrow.go:83.35,86.7 1 1
github.com/authzed/spicedb/pkg/query/arrow.go:86.12,86.40 1 1
github.com/authzed/spicedb/pkg/query/arrow.go:86.40,89.7 1 1
github.com/authzed/spicedb/pkg/query/arrow.go:93.6,104.35 3 1
github.com/authzed/spicedb/pkg/query/arrow.go:104.35,106.7 1 0
github.com/authzed/spicedb/pkg/query/arrow.go:109.5,109.135 1 1
github.com/authzed/spicedb/pkg/query/arrow.go:112.4,112.125 1 1
github.com/authzed/spicedb/pkg/query/arrow.go:115.3,115.83 1 1
github.com/authzed/spicedb/pkg/query/arrow.go:119.82,121.2 1 1
github.com/authzed/spicedb/pkg/query/arrow.go:123.93,125.2 1 1
github.com/authzed/spicedb/pkg/query/arrow.go:127.34,132.2 1 1
github.com/authzed/spicedb/pkg/query/arrow.go:134.35,140.2 1 1
github.com/authzed/spicedb/pkg/query/build_tree.go:19.119,26.16 3 1
github.com/authzed/spicedb/pkg/query/build_tree.go:26.16,28.3 1 1
github.com/authzed/spicedb/pkg/query/build_tree.go:31.2,32.50 2 1
github.com/authzed/spicedb/pkg/query/build_tree.go:32.50,34.3 1 1
github.com/authzed/spicedb/pkg/query/build_tree.go:35.2,35.20 1 1
github.com/authzed/spicedb/pkg/query/build_tree.go:38.144,40.16 2 1
github.com/authzed/spicedb/pkg/query/build_tree.go:40.16,42.3 1 1
github.com/authzed/spicedb/pkg/query/build_tree.go:43.2,46.9 3 1
github.com/authzed/spicedb/pkg/query/build_tree.go:46.9,48.3 1 1
github.com/authzed/spicedb/pkg/query/build_tree.go:49.2,49.48 1 1
github.com/authzed/spicedb/pkg/query/build_tree.go:49.48,51.3 1 1
github.com/authzed/spicedb/pkg/query/build_tree.go:52.2,52.46 1 1
github.com/authzed/spicedb/pkg/query/build_tree.go:52.46,54.3 1 1
github.com/authzed/spicedb/pkg/query/build_tree.go:55.2,55.151 1 1
github.com/authzed/spicedb/pkg/query/build_tree.go:58.114,59.31 1 1
github.com/authzed/spicedb/pkg/query/build_tree.go:59.31,61.17 2 1
github.com/authzed/spicedb/pkg/query/build_tree.go:61.17,63.4 1 0
github.com/authzed/spicedb/pkg/query/build_tree.go:64.3,64.39 1 1
github.com/authzed/spicedb/pkg/query/build_tree.go:66.2,67.37 2 1
github.com/authzed/spicedb/pkg/query/build_tree.go:67.37,69.17 2 1
github.com/authzed/spicedb/pkg/query/build_tree.go:69.17,71.4 1 0
github.com/authzed/spicedb/pkg/query/build_tree.go:72.3,72.27 1 1
github.com/authzed/spicedb/pkg/query/build_tree.go:74.2,74.37 1 1
github.com/authzed/spicedb/pkg/query/build_tree.go:77.95,79.16 2 1
github.com/authzed/spicedb/pkg/query/build_tree.go:79.16,81.3 1 1
github.com/authzed/spicedb/pkg/query/build_tree.go:82.2,82.38 1 1
github.com/authzed/spicedb/pkg/query/build_tree.go:85.115,86.27 1 1
github.com/authzed/spicedb/pkg/query/build_tree.go:87.30,89.10 2 1
github.com/authzed/spicedb/pkg/query/build_tree.go:89.10,91.4 1 1
github.com/authzed/spicedb/pkg/query/build_tree.go:92.3,92.48 1 1
github.com/authzed/spicedb/pkg/query/build_tree.go:94.33,95.34 1 1
github.com/authzed/spicedb/pkg/query/build_tree.go:95.34,97.4 1 1
github.com/authzed/spicedb/pkg/query/build_tree.go:98.3,98.83 1 1
github.com/authzed/spicedb/pkg/query/build_tree.go:100.30,102.36 2 1
github.com/authzed/spicedb/pkg/query/build_tree.go:102.36,104.18 2 1
github.com/authzed/spicedb/pkg/query/build_tree.go:104.18,106.5 1 0
github.com/authzed/spicedb/pkg/query/build_tree.go:107.4,107.28 1 1
github.com/authzed/spicedb/pkg/query/build_tree.go:109.3,109.20 1 1
github.com/authzed/spicedb/pkg/query/build_tree.go:111.37,113.36 2 1
github.com/authzed/spicedb/pkg/query/build_tree.go:113.36,115.18 2 1
github.com/authzed/spicedb/pkg/query/build_tree.go:115.18,117.5 1 0
github.com/authzed/spicedb/pkg/query/build_tree.go:118.4,118.28 1 1
github.com/authzed/spicedb/pkg/query/build_tree.go:120.3,120.20 1 1
github.com/authzed/spicedb/pkg/query/build_tree.go:122.34,124.17 2 1
github.com/authzed/spicedb/pkg/query/build_tree.go:124.17,126.4 1 1
github.com/authzed/spicedb/pkg/query/build_tree.go:128.3,129.17 2 1
github.com/authzed/spicedb/pkg/query/build_tree.go:129.17,131.4 1 1
github.com/authzed/spicedb/pkg/query/build_tree.go:133.3,133.47 1 1
github.com/authzed/spicedb/pkg/query/build_tree.go:135.43,137.10 2 0
github.com/authzed/spicedb/pkg/query/build_tree.go:137.10,139.4 1 0
github.com/authzed/spicedb/pkg/query/build_tree.go:141.3,141.24 1 0
github.com/authzed/spicedb/pkg/query/build_tree.go:142.31,144.60 1 0
github.com/authzed/spicedb/pkg/query/build_tree.go:146.31,148.72 1 0
github.com/authzed/spicedb/pkg/query/build_tree.go:150.11,151.70 1 0
github.com/authzed/spicedb/pkg/query/build_tree.go:155.2,155.73 1 0
github.com/authzed/spicedb/pkg/query/build_tree.go:158.119,162.21 2 1
github.com/authzed/spicedb/pkg/query/build_tree.go:162.21,168.3 2 1
github.com/authzed/spicedb/pkg/query/build_tree.go:170.2,170.38 1 1
github.com/authzed/spicedb/pkg/query/build_tree.go:170.38,172.3 1 1
github.com/authzed/spicedb/pkg/query/build_tree.go:175.2,175.17 1 1
github.com/authzed/spicedb/pkg/query/build_tree.go:175.17,177.3 1 1
github.com/authzed/spicedb/pkg/query/build_tree.go:185.2,186.16 2 0
github.com/authzed/spicedb/pkg/query/build_tree.go:186.16,188.3 1 0
github.com/authzed/spicedb/pkg/query/build_tree.go:192.2,192.23 1 0
github.com/authzed/spicedb/pkg/query/build_tree.go:192.23,194.3 1 0
github.com/authzed/spicedb/pkg/query/build_tree.go:198.2,203.19 5 0
github.com/authzed/spicedb/pkg/query/build_tree.go:207.105,209.39 2 1
github.com/authzed/spicedb/pkg/query/build_tree.go:209.39,211.17 2 1
github.com/authzed/spicedb/pkg/query/build_tree.go:211.17,213.4 1 0
github.com/authzed/spicedb/pkg/query/build_tree.go:214.3,215.17 2 1
github.com/authzed/spicedb/pkg/query/build_tree.go:215.17,217.4 1 1
github.com/authzed/spicedb/pkg/query/build_tree.go:218.3,219.30 2 1
github.com/authzed/spicedb/pkg/query/build_tree.go:221.2,221.19 1 1
github.com/authzed/spicedb/pkg/query/build_tree.go:225.117,227.39 2 0
github.com/authzed/spicedb/pkg/query/build_tree.go:227.39,229.17 2 0
github.com/authzed/spicedb/pkg/query/build_tree.go:229.17,231.4 1 0
github.com/authzed/spicedb/pkg/query/build_tree.go:232.3,233.17 2 0
github.com/authzed/spicedb/pkg/query/build_tree.go:233.17,235.4 1 0
github.com/authzed/spicedb/pkg/query/build_tree.go:236.3,237.42 2 0
github.com/authzed/spicedb/pkg/query/build_tree.go:239.2,239.19 1 0
github.com/authzed/spicedb/pkg/query/build_tree.go:242.56,243.12 1 0
github.com/authzed/spicedb/pkg/query/build_tree.go:244.30,245.15 1 0
github.com/authzed/spicedb/pkg/query/build_tree.go:246.30,247.15 1 0
github.com/authzed/spicedb/pkg/query/build_tree.go:248.10,249.19 1 0
github.com/authzed/spicedb/pkg/query/caveat.go:23.97,28.2 1 1
github.com/authzed/spicedb/pkg/query/caveat.go:30.114,32.16 2 1
github.com/authzed/spicedb/pkg/query/caveat.go:32.16,34.3 1 0
github.com/authzed/spicedb/pkg/query/caveat.go:36.2,36.45 1 1
github.com/authzed/spicedb/pkg/query/caveat.go:36.45,38.22 2 1
github.com/authzed/spicedb/pkg/query/caveat.go:38.22,40.4 1 1
github.com/authzed/spicedb/pkg/query/caveat.go:41.3,46.33 4 1
github.com/authzed/spicedb/pkg/query/caveat.go:46.33,47.18 1 1
github.com/authzed/spicedb/pkg/query/caveat.go:47.18,48.26 1 0
github.com/authzed/spicedb/pkg/query/caveat.go:48.26,50.6 1 0
github.com/authzed/spicedb/pkg/query/caveat.go:51.5,51.13 1 0
github.com/authzed/spicedb/pkg/query/caveat.go:54.4,58.18 3 1
github.com/authzed/spicedb/pkg/query/caveat.go:58.18,60.26 2 0
github.com/authzed/spicedb/pkg/query/caveat.go:60.26,62.6 1 0
github.com/authzed/spicedb/pkg/query/caveat.go:63.5,63.13 1 0
github.com/authzed/spicedb/pkg/query/caveat.go:66.4,66.15 1 1
github.com/authzed/spicedb/pkg/query/caveat.go:66.15,69.13 2 0
github.com/authzed/spicedb/pkg/query/caveat.go:72.4,76.25 3 1
github.com/authzed/spicedb/pkg/query/caveat.go:76.25,80.5 2 1
github.com/authzed/spicedb/pkg/query/caveat.go:80.10,84.5 2 0
github.com/authzed/spicedb/pkg/query/caveat.go:86.4,86.34 1 1
github.com/authzed/spicedb/pkg/query/caveat.go:86.34,88.5 1 0
github.com/authzed/spicedb/pkg/query/caveat.go:91.3,91.99 1 1
github.com/authzed/spicedb/pkg/query/caveat.go:95.91,97.16 2 1
github.com/authzed/spicedb/pkg/query/caveat.go:97.16,99.3 1 0
github.com/authzed/spicedb/pkg/query/caveat.go:101.2,101.45 1 1
github.com/authzed/spicedb/pkg/query/caveat.go:101.45,102.16 1 1
github.com/authzed/spicedb/pkg/query/caveat.go:102.17,103.4 0 1
github.com/authzed/spicedb/pkg/query/caveat.go:105.3,106.22 2 1
github.com/authzed/spicedb/pkg/query/caveat.go:106.22,108.4 1 1
github.com/authzed/spicedb/pkg/query/caveat.go:109.3,114.33 4 1
github.com/authzed/spicedb/pkg/query/caveat.go:114.33,115.18 1 1
github.com/authzed/spicedb/pkg/query/caveat.go:115.18,116.26 1 0
github.com/authzed/spicedb/pkg/query/caveat.go:116.26,118.6 1 0
github.com/authzed/spicedb/pkg/query/caveat.go:119.5,119.13 1 0
github.com/authzed/spicedb/pkg/query/caveat.go:122.4,126.18 3 1
github.com/authzed/spicedb/pkg/query/caveat.go:126.18,128.26 2 1
github.com/authzed/spicedb/pkg/query/caveat.go:128.26,130.6 1 1
github.com/authzed/spicedb/pkg/query/caveat.go:131.5,131.13 1 0
github.com/authzed/spicedb/pkg/query/caveat.go:134.4,134.15 1 1
github.com/authzed/spicedb/pkg/query/caveat.go:134.15,137.13 2 0
github.com/authzed/spicedb/pkg/query/caveat.go:140.4,144.25 3 1
github.com/authzed/spicedb/pkg/query/caveat.go:144.25,147.5 1 1
github.com/authzed/spicedb/pkg/query/caveat.go:147.10,150.5 1 1
github.com/authzed/spicedb/pkg/query/caveat.go:152.4,152.34 1 1
github.com/authzed/spicedb/pkg/query/caveat.go:152.34,154.5 1 0
github.com/authzed/spicedb/pkg/query/caveat.go:157.3,157.102 1 1
github.com/authzed/spicedb/pkg/query/caveat.go:161.102,163.16 2 1
github.com/authzed/spicedb/pkg/query/caveat.go:163.16,165.3 1 0
github.com/authzed/spicedb/pkg/query/caveat.go:167.2,167.45 1 1
github.com/authzed/spicedb/pkg/query/caveat.go:167.45,168.16 1 1
github.com/authzed/spicedb/pkg/query/caveat.go:168.17,169.4 0 1
github.com/authzed/spicedb/pkg/query/caveat.go:171.3,172.22 2 1
github.com/authzed/spicedb/pkg/query/caveat.go:172.22,174.4 1 0
github.com/authzed/spicedb/pkg/query/caveat.go:175.3,180.33 4 1
github.com/authzed/spicedb/pkg/query/caveat.go:180.33,181.18 1 1
github.com/authzed/spicedb/pkg/query/caveat.go:181.18,182.26 1 0
github.com/authzed/spicedb/pkg/query/caveat.go:182.26,184.6 1 0
github.com/authzed/spicedb/pkg/query/caveat.go:185.5,185.13 1 0
github.com/authzed/spicedb/pkg/query/caveat.go:188.4,192.18 3 1
github.com/authzed/spicedb/pkg/query/caveat.go:192.18,194.26 2 0
github.com/authzed/spicedb/pkg/query/caveat.go:194.26,196.6 1 0
github.com/authzed/spicedb/pkg/query/caveat.go:197.5,197.13 1 0
github.com/authzed/spicedb/pkg/query/caveat.go:200.4,200.15 1 1
github.com/authzed/spicedb/pkg/query/caveat.go:200.15,203.13 2 0
github.com/authzed/spicedb/pkg/query/caveat.go:206.4,210.25 3 1
github.com/authzed/spicedb/pkg/query/caveat.go:210.25,213.5 1 1
github.com/authzed/spicedb/pkg/query/caveat.go:213.10,216.5 1 0
github.com/authzed/spicedb/pkg/query/caveat.go:218.4,218.34 1 1
github.com/authzed/spicedb/pkg/query/caveat.go:218.34,220.5 1 0
github.com/authzed/spicedb/pkg/query/caveat.go:223.3,223.103 1 1
github.com/authzed/spicedb/pkg/query/caveat.go:229.105,231.21 1 1
github.com/authzed/spicedb/pkg/query/caveat.go:231.21,233.3 1 1
github.com/authzed/spicedb/pkg/query/caveat.go:236.2,236.24 1 1
github.com/authzed/spicedb/pkg/query/caveat.go:236.24,239.3 1 1
github.com/authzed/spicedb/pkg/query/caveat.go:242.2,242.44 1 1
github.com/authzed/spicedb/pkg/query/caveat.go:242.44,251.59 1 0
github.com/authzed/spicedb/pkg/query/caveat.go:251.59,260.69 3 0
github.com/authzed/spicedb/pkg/query/caveat.go:260.69,263.68 1 0
github.com/authzed/spicedb/pkg/query/caveat.go:263.68,265.6 1 0
github.com/authzed/spicedb/pkg/query/caveat.go:268.5,269.61 1 0
github.com/authzed/spicedb/pkg/query/caveat.go:269.61,271.6 1 0
github.com/authzed/spicedb/pkg/query/caveat.go:274.5,274.17 1 0
github.com/authzed/spicedb/pkg/query/caveat.go:277.4,277.70 1 0
github.com/authzed/spicedb/pkg/query/caveat.go:277.70,281.5 1 0
github.com/authzed/spicedb/pkg/query/caveat.go:281.10,284.5 1 0
github.com/authzed/spicedb/pkg/query/caveat.go:285.9,289.4 1 0
github.com/authzed/spicedb/pkg/query/caveat.go:293.2,293.29 1 1
github.com/authzed/spicedb/pkg/query/caveat.go:293.29,296.3 1 1
github.com/authzed/spicedb/pkg/query/caveat.go:299.2,312.16 4 1
github.com/authzed/spicedb/pkg/query/caveat.go:312.16,317.31 3 1
github.com/authzed/spicedb/pkg/query/caveat.go:317.31,319.4 1 0
github.com/authzed/spicedb/pkg/query/caveat.go:320.3,320.32 1 1
github.com/authzed/spicedb/pkg/query/caveat.go:320.32,322.4 1 0
github.com/authzed/spicedb/pkg/query/caveat.go:325.3,325.70 1 1
github.com/authzed/spicedb/pkg/query/caveat.go:329.2,329.32 1 0
github.com/authzed/spicedb/pkg/query/caveat.go:333.109,339.30 2 1
github.com/authzed/spicedb/pkg/query/caveat.go:339.30,340.39 1 1
github.com/authzed/spicedb/pkg/query/caveat.go:340.39,342.4 1 1
github.com/authzed/spicedb/pkg/query/caveat.go:345.2,345.19 1 1
github.com/authzed/spicedb/pkg/query/caveat.go:350.83,351.21 1 1
github.com/authzed/spicedb/pkg/query/caveat.go:351.21,353.3 1 1
github.com/authzed/spicedb/pkg/query/caveat.go:355.2,355.56 1 1
github.com/authzed/spicedb/pkg/query/caveat.go:359.100,360.17 1 1
github.com/authzed/spicedb/pkg/query/caveat.go:360.17,362.3 1 0
github.com/authzed/spicedb/pkg/query/caveat.go:365.2,365.29 1 1
github.com/authzed/spicedb/pkg/query/caveat.go:365.29,367.3 1 1
github.com/authzed/spicedb/pkg/query/caveat.go:370.2,370.32 1 1
github.com/authzed/spicedb/pkg/query/caveat.go:370.32,371.54 1 1
github.com/authzed/spicedb/pkg/query/caveat.go:371.54,372.49 1 1
github.com/authzed/spicedb/pkg/query/caveat.go:372.49,374.5 1 1
github.com/authzed/spicedb/pkg/query/caveat.go:378.2,378.14 1 1
github.com/authzed/spicedb/pkg/query/caveat.go:381.43,386.2 1 1
github.com/authzed/spicedb/pkg/query/caveat.go:388.44,396.2 2 1
github.com/authzed/spicedb/pkg/query/caveat.go:399.52,400.21 1 1
github.com/authzed/spicedb/pkg/query/caveat.go:400.21,402.3 1 1
github.com/authzed/spicedb/pkg/query/caveat.go:405.2,408.70 2 1
github.com/authzed/spicedb/pkg/query/caveat.go:408.70,410.49 2 1
github.com/authzed/spicedb/pkg/query/caveat.go:410.49,412.4 1 1
github.com/authzed/spicedb/pkg/query/caveat.go:413.3,413.54 1 1
github.com/authzed/spicedb/pkg/query/caveat.go:416.2,417.13 2 1
github.com/authzed/spicedb/pkg/query/context.go:21.36,27.2 1 1
github.com/authzed/spicedb/pkg/query/context.go:30.108,33.30 3 1
github.com/authzed/spicedb/pkg/query/context.go:33.30,35.3 1 1
github.com/authzed/spicedb/pkg/query/context.go:36.2,38.11 2 1
github.com/authzed/spicedb/pkg/query/context.go:42.97,46.24 3 1
github.com/authzed/spicedb/pkg/query/context.go:46.24,48.3 1 0
github.com/authzed/spicedb/pkg/query/context.go:50.2,52.30 3 1
github.com/authzed/spicedb/pkg/query/context.go:52.30,54.3 1 1
github.com/authzed/spicedb/pkg/query/context.go:55.2,58.31 3 1
github.com/authzed/spicedb/pkg/query/context.go:62.75,66.26 4 1
github.com/authzed/spicedb/pkg/query/context.go:66.26,68.22 2 1
github.com/authzed/spicedb/pkg/query/context.go:68.22,70.35 1 1
github.com/authzed/spicedb/pkg/query/context.go:70.35,72.5 1 1
github.com/authzed/spicedb/pkg/query/context.go:72.10,74.5 1 1
github.com/authzed/spicedb/pkg/query/context.go:76.3,78.57 1 1
github.com/authzed/spicedb/pkg/query/context.go:80.2,81.67 1 1
github.com/authzed/spicedb/pkg/query/context.go:85.64,87.22 1 1
github.com/authzed/spicedb/pkg/query/context.go:87.22,89.3 1 1
github.com/authzed/spicedb/pkg/query/context.go:90.2,95.24 4 1
github.com/authzed/spicedb/pkg/query/context.go:95.24,97.3 1 0
github.com/authzed/spicedb/pkg/query/context.go:99.2,101.26 3 1
github.com/authzed/spicedb/pkg/query/context.go:101.26,103.22 2 1
github.com/authzed/spicedb/pkg/query/context.go:103.22,105.35 1 0
github.com/authzed/spicedb/pkg/query/context.go:105.35,107.5 1 0
github.com/authzed/spicedb/pkg/query/context.go:107.10,109.5 1 0
github.com/authzed/spicedb/pkg/query/context.go:111.3,113.57 1 1
github.com/authzed/spicedb/pkg/query/context.go:115.2,116.67 1 1
github.com/authzed/spicedb/pkg/query/context.go:120.74,124.2 3 1
github.com/authzed/spicedb/pkg/query/context.go:127.70,132.34 3 1
github.com/authzed/spicedb/pkg/query/context.go:132.34,133.20 1 1
github.com/authzed/spicedb/pkg/query/context.go:133.20,136.9 3 1
github.com/authzed/spicedb/pkg/query/context.go:140.2,140.12 1 1
github.com/authzed/spicedb/pkg/query/context.go:140.12,143.3 1 1
github.com/authzed/spicedb/pkg/query/context.go:146.2,148.24 3 1
github.com/authzed/spicedb/pkg/query/context.go:148.24,150.3 1 0
github.com/authzed/spicedb/pkg/query/context.go:152.2,154.88 3 1
github.com/authzed/spicedb/pkg/query/context.go:158.42,160.2 1 1
github.com/authzed/spicedb/pkg/query/context.go:176.70,177.28 1 1
github.com/authzed/spicedb/pkg/query/context.go:177.28,179.3 1 1
github.com/authzed/spicedb/pkg/query/context.go:182.92,183.28 1 1
github.com/authzed/spicedb/pkg/query/context.go:183.28,185.3 1 1
github.com/authzed/spicedb/pkg/query/context.go:188.59,189.28 1 1
github.com/authzed/spicedb/pkg/query/context.go:189.28,191.3 1 1
github.com/authzed/spicedb/pkg/query/context.go:195.40,197.2 1 1
github.com/authzed/spicedb/pkg/query/context.go:199.110,200.24 1 1
github.com/authzed/spicedb/pkg/query/context.go:200.24,202.3 1 1
github.com/authzed/spicedb/pkg/query/context.go:203.2,204.11 2 1
github.com/authzed/spicedb/pkg/query/context.go:207.68,208.36 1 1
github.com/authzed/spicedb/pkg/query/context.go:208.36,210.3 1 1
github.com/authzed/spicedb/pkg/query/context.go:215.81,216.37 1 1
github.com/authzed/spicedb/pkg/query/context.go:216.37,218.3 1 1
github.com/authzed/spicedb/pkg/query/context.go:220.2,220.45 1 1
github.com/authzed/spicedb/pkg/query/context.go:220.45,222.16 2 1
github.com/authzed/spicedb/pkg/query/context.go:222.16,224.4 1 1
github.com/authzed/spicedb/pkg/query/context.go:226.3,226.34 1 1
github.com/authzed/spicedb/pkg/query/context.go:226.34,227.18 1 1
github.com/authzed/spicedb/pkg/query/context.go:227.18,228.26 1 1
github.com/authzed/spicedb/pkg/query/context.go:228.26,230.6 1 1
github.com/authzed/spicedb/pkg/query/context.go:231.5,231.13 1 0
github.com/authzed/spicedb/pkg/query/context.go:234.4,235.25 2 1
github.com/authzed/spicedb/pkg/query/context.go:235.25,237.5 1 0
github.com/authzed/spicedb/pkg/query/context.go:245.104,246.25 1 1
github.com/authzed/spicedb/pkg/query/context.go:246.25,248.3 1 1
github.com/authzed/spicedb/pkg/query/context.go:250.2,253.16 3 1
github.com/authzed/spicedb/pkg/query/context.go:253.16,255.3 1 1
github.com/authzed/spicedb/pkg/query/context.go:257.2,257.64 1 1
github.com/authzed/spicedb/pkg/query/context.go:261.81,262.25 1 1
github.com/authzed/spicedb/pkg/query/context.go:262.25,264.3 1 1
github.com/authzed/spicedb/pkg/query/context.go:266.2,269.16 3 1
github.com/authzed/spicedb/pkg/query/context.go:269.16,271.3 1 1
github.com/authzed/spicedb/pkg/query/context.go:273.2,273.64 1 1
github.com/authzed/spicedb/pkg/query/context.go:277.92,278.25 1 1
github.com/authzed/spicedb/pkg/query/context.go:278.25,280.3 1 1
github.com/authzed/spicedb/pkg/query/context.go:282.2,285.16 3 1
github.com/authzed/spicedb/pkg/query/context.go:285.16,287.3 1 1
github.com/authzed/spicedb/pkg/query/context.go:289.2,289.64 1 1
github.com/authzed/spicedb/pkg/query/datastore.go:17.87,18.45 1 1
github.com/authzed/spicedb/pkg/query/datastore.go:18.45,19.32 1 1
github.com/authzed/spicedb/pkg/query/datastore.go:19.32,20.18 1 1
github.com/authzed/spicedb/pkg/query/datastore.go:20.18,21.25 1 0
github.com/authzed/spicedb/pkg/query/datastore.go:21.25,23.6 1 0
github.com/authzed/spicedb/pkg/query/datastore.go:24.5,24.13 1 0
github.com/authzed/spicedb/pkg/query/datastore.go:27.4,28.25 2 1
github.com/authzed/spicedb/pkg/query/datastore.go:28.25,30.5 1 0
github.com/authzed/spicedb/pkg/query/datastore.go:46.71,50.2 1 1
github.com/authzed/spicedb/pkg/query/datastore.go:52.89,53.42 1 1
github.com/authzed/spicedb/pkg/query/datastore.go:53.42,55.3 1 1
github.com/authzed/spicedb/pkg/query/datastore.go:56.2,56.86 1 0
github.com/authzed/spicedb/pkg/query/datastore.go:59.116,64.87 1 1
github.com/authzed/spicedb/pkg/query/datastore.go:64.87,69.3 1 1
github.com/authzed/spicedb/pkg/query/datastore.go:69.8,69.46 1 1
github.com/authzed/spicedb/pkg/query/datastore.go:69.46,73.3 2 1
github.com/authzed/spicedb/pkg/query/datastore.go:75.2,75.21 1 1
github.com/authzed/spicedb/pkg/query/datastore.go:75.21,77.3 1 0
github.com/authzed/spicedb/pkg/query/datastore.go:78.2,78.51 1 1
github.com/authzed/spicedb/pkg/query/datastore.go:81.122,83.32 2 1
github.com/authzed/spicedb/pkg/query/datastore.go:83.32,85.3 1 1
github.com/authzed/spicedb/pkg/query/datastore.go:87.2,109.16 5 1
github.com/authzed/spicedb/pkg/query/datastore.go:109.16,111.3 1 0
github.com/authzed/spicedb/pkg/query/datastore.go:113.2,113.88 1 1
github.com/authzed/spicedb/pkg/query/datastore.go:116.124,119.32 2 0
github.com/authzed/spicedb/pkg/query/datastore.go:119.32,121.3 1 0
github.com/authzed/spicedb/pkg/query/datastore.go:123.2,143.16 4 0
github.com/authzed/spicedb/pkg/query/datastore.go:143.16,145.3 1 0
github.com/authzed/spicedb/pkg/query/datastore.go:148.2,148.45 1 0
github.com/authzed/spicedb/pkg/query/datastore.go:148.45,149.33 1 0
github.com/authzed/spicedb/pkg/query/datastore.go:149.33,150.18 1 0
github.com/authzed/spicedb/pkg/query/datastore.go:150.18,151.25 1 0
github.com/authzed/spicedb/pkg/query/datastore.go:151.25,153.6 1 0
github.com/authzed/spicedb/pkg/query/datastore.go:154.5,154.13 1 0
github.com/authzed/spicedb/pkg/query/datastore.go:158.4,163.25 4 0
github.com/authzed/spicedb/pkg/query/datastore.go:163.25,165.5 1 0
github.com/authzed/spicedb/pkg/query/datastore.go:170.93,171.21 1 1
github.com/authzed/spicedb/pkg/query/datastore.go:171.21,173.3 1 0
github.com/authzed/spicedb/pkg/query/datastore.go:174.2,174.48 1 1
github.com/authzed/spicedb/pkg/query/datastore.go:177.99,197.16 4 1
github.com/authzed/spicedb/pkg/query/datastore.go:197.16,199.3 1 0
github.com/authzed/spicedb/pkg/query/datastore.go:201.2,201.88 1 1
github.com/authzed/spicedb/pkg/query/datastore.go:204.101,225.16 4 0
github.com/authzed/spicedb/pkg/query/datastore.go:225.16,227.3 1 0
github.com/authzed/spicedb/pkg/query/datastore.go:229.2,229.88 1 0
github.com/authzed/spicedb/pkg/query/datastore.go:232.104,234.2 1 0
github.com/authzed/spicedb/pkg/query/datastore.go:236.45,240.2 1 1
github.com/authzed/spicedb/pkg/query/datastore.go:242.46,244.21 2 1
github.com/authzed/spicedb/pkg/query/datastore.go:244.21,246.3 1 1
github.com/authzed/spicedb/pkg/query/datastore.go:247.2,251.3 1 1
github.com/authzed/spicedb/pkg/query/exclusion.go:17.58,22.2 1 1
github.com/authzed/spicedb/pkg/query/exclusion.go:30.66,33.58 1 1
github.com/authzed/spicedb/pkg/query/exclusion.go:33.58,35.3 1 1
github.com/authzed/spicedb/pkg/query/exclusion.go:39.2,39.58 1 1
github.com/authzed/spicedb/pkg/query/exclusion.go:39.58,41.3 1 1
github.com/authzed/spicedb/pkg/query/exclusion.go:46.2,46.58 1 1
github.com/authzed/spicedb/pkg/query/exclusion.go:46.58,52.3 3 1
github.com/authzed/spicedb/pkg/query/exclusion.go:56.2,56.58 1 1
github.com/authzed/spicedb/pkg/query/exclusion.go:56.58,61.3 3 1
github.com/authzed/spicedb/pkg/query/exclusion.go:63.2,63.17 1 0
github.com/authzed/spicedb/pkg/query/exclusion.go:66.109,70.16 3 1
github.com/authzed/spicedb/pkg/query/exclusion.go:70.16,72.3 1 1
github.com/authzed/spicedb/pkg/query/exclusion.go:74.2,75.16 2 1
github.com/authzed/spicedb/pkg/query/exclusion.go:75.16,77.3 1 1
github.com/authzed/spicedb/pkg/query/exclusion.go:79.2,82.25 2 1
github.com/authzed/spicedb/pkg/query/exclusion.go:82.25,85.3 2 1
github.com/authzed/spicedb/pkg/query/exclusion.go:88.2,90.16 3 1
github.com/authzed/spicedb/pkg/query/exclusion.go:90.16,92.3 1 1
github.com/authzed/spicedb/pkg/query/exclusion.go:94.2,95.16 2 1
github.com/authzed/spicedb/pkg/query/exclusion.go:95.16,97.3 1 1
github.com/authzed/spicedb/pkg/query/exclusion.go:99.2,104.37 3 1
github.com/authzed/spicedb/pkg/query/exclusion.go:104.37,108.46 2 1
github.com/authzed/spicedb/pkg/query/exclusion.go:108.46,110.73 1 1
github.com/authzed/spicedb/pkg/query/exclusion.go:110.73,114.10 3 1
github.com/authzed/spicedb/pkg/query/exclusion.go:119.3,119.24 1 1
github.com/authzed/spicedb/pkg/query/exclusion.go:119.24,121.4 1 1
github.com/authzed/spicedb/pkg/query/exclusion.go:121.9,123.4 1 1
github.com/authzed/spicedb/pkg/query/exclusion.go:126.2,126.45 1 1
github.com/authzed/spicedb/pkg/query/exclusion.go:126.45,127.35 1 1
github.com/authzed/spicedb/pkg/query/exclusion.go:127.35,128.25 1 1
github.com/authzed/spicedb/pkg/query/exclusion.go:128.25,130.5 1 0
github.com/authzed/spicedb/pkg/query/exclusion.go:135.86,137.2 1 1
github.com/authzed/spicedb/pkg/query/exclusion.go:139.97,141.2 1 1
github.com/authzed/spicedb/pkg/query/exclusion.go:143.38,148.2 1 1
github.com/authzed/spicedb/pkg/query/exclusion.go:150.39,159.2 1 1
github.com/authzed/spicedb/pkg/query/executor_local.go:12.121,14.2 1 1
github.com/authzed/spicedb/pkg/query/executor_local.go:17.98,19.2 1 1
github.com/authzed/spicedb/pkg/query/executor_local.go:22.109,24.2 1 1
github.com/authzed/spicedb/pkg/query/fixed.go:17.54,21.2 1 1
github.com/authzed/spicedb/pkg/query/fixed.go:23.113,24.45 1 1
github.com/authzed/spicedb/pkg/query/fixed.go:24.45,28.32 3 1
github.com/authzed/spicedb/pkg/query/fixed.go:28.32,29.39 1 1
github.com/authzed/spicedb/pkg/query/fixed.go:29.39,31.57 1 1
github.com/authzed/spicedb/pkg/query/fixed.go:31.57,33.27 2 1
github.com/authzed/spicedb/pkg/query/fixed.go:33.27,35.7 1 1
github.com/authzed/spicedb/pkg/query/fixed.go:36.6,36.11 1 1
github.com/authzed/spicedb/pkg/query/fixed.go:41.3,41.64 1 1
github.com/authzed/spicedb/pkg/query/fixed.go:45.90,46.45 1 1
github.com/authzed/spicedb/pkg/query/fixed.go:46.45,51.32 3 1
github.com/authzed/spicedb/pkg/query/fixed.go:51.32,53.38 1 1
github.com/authzed/spicedb/pkg/query/fixed.go:53.38,55.26 2 1
github.com/authzed/spicedb/pkg/query/fixed.go:55.26,57.6 1 1
github.com/authzed/spicedb/pkg/query/fixed.go:61.3,61.67 1 1
github.com/authzed/spicedb/pkg/query/fixed.go:65.101,66.45 1 1
github.com/authzed/spicedb/pkg/query/fixed.go:66.45,71.32 3 1
github.com/authzed/spicedb/pkg/query/fixed.go:71.32,73.143 1 1
github.com/authzed/spicedb/pkg/query/fixed.go:73.143,75.26 2 1
github.com/authzed/spicedb/pkg/query/fixed.go:75.26,77.6 1 1
github.com/authzed/spicedb/pkg/query/fixed.go:81.3,81.68 1 1
github.com/authzed/spicedb/pkg/query/fixed.go:85.43,90.2 1 1
github.com/authzed/spicedb/pkg/query/fixed.go:92.42,100.2 3 1
github.com/authzed/spicedb/pkg/query/intersection.go:15.38,17.2 1 1
github.com/authzed/spicedb/pkg/query/intersection.go:19.55,21.2 1 1
github.com/authzed/spicedb/pkg/query/intersection.go:23.112,29.36 3 1
github.com/authzed/spicedb/pkg/query/intersection.go:29.36,33.17 3 1
github.com/authzed/spicedb/pkg/query/intersection.go:33.17,35.4 1 0
github.com/authzed/spicedb/pkg/query/intersection.go:36.3,37.17 2 1
github.com/authzed/spicedb/pkg/query/intersection.go:37.17,39.4 1 0
github.com/authzed/spicedb/pkg/query/intersection.go:41.3,43.22 2 1
github.com/authzed/spicedb/pkg/query/intersection.go:43.22,45.47 2 1
github.com/authzed/spicedb/pkg/query/intersection.go:45.48,45.49 0 1
github.com/authzed/spicedb/pkg/query/intersection.go:48.3,48.19 1 1
github.com/authzed/spicedb/pkg/query/intersection.go:48.19,50.31 1 1
github.com/authzed/spicedb/pkg/query/intersection.go:50.31,52.53 2 1
github.com/authzed/spicedb/pkg/query/intersection.go:52.53,54.6 1 1
github.com/authzed/spicedb/pkg/query/intersection.go:54.11,56.51 1 1
github.com/authzed/spicedb/pkg/query/intersection.go:56.51,58.7 1 0
github.com/authzed/spicedb/pkg/query/intersection.go:61.9,67.31 3 1
github.com/authzed/spicedb/pkg/query/intersection.go:67.31,69.59 2 1
github.com/authzed/spicedb/pkg/query/intersection.go:69.59,71.6 1 1
github.com/authzed/spicedb/pkg/query/intersection.go:71.11,73.51 1 1
github.com/authzed/spicedb/pkg/query/intersection.go:73.51,75.7 1 0
github.com/authzed/spicedb/pkg/query/intersection.go:80.4,80.51 1 1
github.com/authzed/spicedb/pkg/query/intersection.go:80.51,81.52 1 1
github.com/authzed/spicedb/pkg/query/intersection.go:81.52,84.59 2 1
github.com/authzed/spicedb/pkg/query/intersection.go:84.59,86.7 1 0
github.com/authzed/spicedb/pkg/query/intersection.go:87.6,87.36 1 1
github.com/authzed/spicedb/pkg/query/intersection.go:91.4,93.28 2 1
github.com/authzed/spicedb/pkg/query/intersection.go:93.28,94.48 1 0
github.com/authzed/spicedb/pkg/query/intersection.go:94.49,94.50 0 0
github.com/authzed/spicedb/pkg/query/intersection.go:99.3,100.35 2 1
github.com/authzed/spicedb/pkg/query/intersection.go:100.35,103.4 2 1
github.com/authzed/spicedb/pkg/query/intersection.go:104.3,105.35 2 1
github.com/authzed/spicedb/pkg/query/intersection.go:105.35,107.4 1 1
github.com/authzed/spicedb/pkg/query/intersection.go:110.2,110.45 1 1
github.com/authzed/spicedb/pkg/query/intersection.go:110.45,111.35 1 1
github.com/authzed/spicedb/pkg/query/intersection.go:111.35,112.25 1 1
github.com/authzed/spicedb/pkg/query/intersection.go:112.25,114.5 1 0
github.com/authzed/spicedb/pkg/query/intersection.go:119.89,121.2 1 1
github.com/authzed/spicedb/pkg/query/intersection.go:123.100,125.2 1 1
github.com/authzed/spicedb/pkg/query/intersection.go:127.41,131.35 2 1
github.com/authzed/spicedb/pkg/query/intersection.go:131.35,133.3 1 1
github.com/authzed/spicedb/pkg/query/intersection.go:134.2,134.15 1 1
github.com/authzed/spicedb/pkg/query/intersection.go:137.42,139.30 2 1
github.com/authzed/spicedb/pkg/query/intersection.go:139.30,141.3 1 1
github.com/authzed/spicedb/pkg/query/intersection.go:142.2,146.3 1 1
github.com/authzed/spicedb/pkg/query/intersection_arrow.go:21.68,26.2 1 1
github.com/authzed/spicedb/pkg/query/intersection_arrow.go:28.118,29.45 1 1
github.com/authzed/spicedb/pkg/query/intersection_arrow.go:29.45,30.38 1 1
github.com/authzed/spicedb/pkg/query/intersection_arrow.go:30.38,34.18 3 1
github.com/authzed/spicedb/pkg/query/intersection_arrow.go:34.18,37.5 2 0
github.com/authzed/spicedb/pkg/query/intersection_arrow.go:45.4,50.33 5 1
github.com/authzed/spicedb/pkg/query/intersection_arrow.go:50.33,51.19 1 1
github.com/authzed/spicedb/pkg/query/intersection_arrow.go:51.19,54.6 2 0
github.com/authzed/spicedb/pkg/query/intersection_arrow.go:57.5,62.27 3 1
github.com/authzed/spicedb/pkg/query/intersection_arrow.go:62.27,66.6 2 1
github.com/authzed/spicedb/pkg/query/intersection_arrow.go:68.5,70.19 3 1
github.com/authzed/spicedb/pkg/query/intersection_arrow.go:70.19,73.6 2 0
github.com/authzed/spicedb/pkg/query/intersection_arrow.go:76.5,78.41 3 1
github.com/authzed/spicedb/pkg/query/intersection_arrow.go:78.41,79.20 1 1
github.com/authzed/spicedb/pkg/query/intersection_arrow.go:79.20,82.7 2 0
github.com/authzed/spicedb/pkg/query/intersection_arrow.go:84.6,94.33 6 1
github.com/authzed/spicedb/pkg/query/intersection_arrow.go:94.33,96.7 1 1
github.com/authzed/spicedb/pkg/query/intersection_arrow.go:98.6,108.11 3 1
github.com/authzed/spicedb/pkg/query/intersection_arrow.go:111.5,111.30 1 1
github.com/authzed/spicedb/pkg/query/intersection_arrow.go:111.30,114.6 1 1
github.com/authzed/spicedb/pkg/query/intersection_arrow.go:118.5,118.24 1 1
github.com/authzed/spicedb/pkg/query/intersection_arrow.go:118.24,123.11 3 1
github.com/authzed/spicedb/pkg/query/intersection_arrow.go:127.4,132.66 2 1
github.com/authzed/spicedb/pkg/query/intersection_arrow.go:132.66,138.33 3 1
github.com/authzed/spicedb/pkg/query/intersection_arrow.go:138.33,141.49 2 1
github.com/authzed/spicedb/pkg/query/intersection_arrow.go:141.49,142.17 1 1
github.com/authzed/spicedb/pkg/query/intersection_arrow.go:142.17,144.8 1 1
github.com/authzed/spicedb/pkg/query/intersection_arrow.go:144.13,146.8 1 0
github.com/authzed/spicedb/pkg/query/intersection_arrow.go:148.6,148.35 1 1
github.com/authzed/spicedb/pkg/query/intersection_arrow.go:153.5,155.41 2 1
github.com/authzed/spicedb/pkg/query/intersection_arrow.go:155.41,158.59 2 1
github.com/authzed/spicedb/pkg/query/intersection_arrow.go:158.59,160.7 1 1
github.com/authzed/spicedb/pkg/query/intersection_arrow.go:160.12,160.42 1 1
github.com/authzed/spicedb/pkg/query/intersection_arrow.go:160.42,162.7 1 1
github.com/authzed/spicedb/pkg/query/intersection_arrow.go:162.12,162.37 1 1
github.com/authzed/spicedb/pkg/query/intersection_arrow.go:162.37,164.7 1 0
github.com/authzed/spicedb/pkg/query/intersection_arrow.go:167.6,167.16 1 1
github.com/authzed/spicedb/pkg/query/intersection_arrow.go:167.16,169.7 1 1
github.com/authzed/spicedb/pkg/query/intersection_arrow.go:169.12,169.36 1 1
github.com/authzed/spicedb/pkg/query/intersection_arrow.go:169.36,170.36 1 0
github.com/authzed/spicedb/pkg/query/intersection_arrow.go:170.36,172.8 1 0
github.com/authzed/spicedb/pkg/query/intersection_arrow.go:172.13,174.8 1 0
github.com/authzed/spicedb/pkg/query/intersection_arrow.go:179.5,179.30 1 1
github.com/authzed/spicedb/pkg/query/intersection_arrow.go:179.30,191.34 3 1
github.com/authzed/spicedb/pkg/query/intersection_arrow.go:191.34,193.7 1 0
github.com/authzed/spicedb/pkg/query/intersection_arrow.go:195.10,197.5 1 1
github.com/authzed/spicedb/pkg/query/intersection_arrow.go:202.95,204.2 1 1
github.com/authzed/spicedb/pkg/query/intersection_arrow.go:206.106,208.2 1 1
github.com/authzed/spicedb/pkg/query/intersection_arrow.go:210.47,215.2 1 1
github.com/authzed/spicedb/pkg/query/intersection_arrow.go:217.48,223.2 1 1
github.com/authzed/spicedb/pkg/query/objects.go:14.65,20.2 1 1
github.com/authzed/spicedb/pkg/query/objects.go:23.50,29.2 1 1
github.com/authzed/spicedb/pkg/query/objects.go:31.43,33.2 1 1
github.com/authzed/spicedb/pkg/query/objects.go:36.52,41.2 1 1
github.com/authzed/spicedb/pkg/query/objects.go:44.66,46.37 2 1
github.com/authzed/spicedb/pkg/query/objects.go:46.37,51.3 1 1
github.com/authzed/spicedb/pkg/query/objects.go:52.2,52.16 1 1
github.com/authzed/spicedb/pkg/query/objects.go:56.84,62.2 1 1
github.com/authzed/spicedb/pkg/query/objects.go:65.46,70.2 1 1
github.com/authzed/spicedb/pkg/query/path.go:18.29,19.45 1 1
github.com/authzed/spicedb/pkg/query/path.go:19.46,19.47 0 1
github.com/authzed/spicedb/pkg/query/path.go:39.48,41.2 1 1
github.com/authzed/spicedb/pkg/query/path.go:44.43,45.101 1 1
github.com/authzed/spicedb/pkg/query/path.go:45.101,46.43 1 1
github.com/authzed/spicedb/pkg/query/path.go:46.43,48.4 1 1
github.com/authzed/spicedb/pkg/query/path.go:51.3,51.13 1 1
github.com/authzed/spicedb/pkg/query/path.go:56.44,57.101 1 1
github.com/authzed/spicedb/pkg/query/path.go:57.101,58.21 1 1
github.com/authzed/spicedb/pkg/query/path.go:58.21,59.26 1 1
github.com/authzed/spicedb/pkg/query/path.go:59.26,61.5 1 1
github.com/authzed/spicedb/pkg/query/path.go:62.4,62.18 1 1
github.com/authzed/spicedb/pkg/query/path.go:65.3,65.21 1 1
github.com/authzed/spicedb/pkg/query/path.go:70.47,71.101 1 1
github.com/authzed/spicedb/pkg/query/path.go:71.101,72.25 1 1
github.com/authzed/spicedb/pkg/query/path.go:72.25,76.4 1 1
github.com/authzed/spicedb/pkg/query/path.go:78.3,78.17 1 1
github.com/authzed/spicedb/pkg/query/path.go:82.132,84.40 1 1
github.com/authzed/spicedb/pkg/query/path.go:84.40,86.3 1 1
github.com/authzed/spicedb/pkg/query/path.go:88.2,90.36 3 1
github.com/authzed/spicedb/pkg/query/path.go:90.36,92.3 1 1
github.com/authzed/spicedb/pkg/query/path.go:95.2,95.34 1 1
github.com/authzed/spicedb/pkg/query/path.go:95.34,97.3 1 1
github.com/authzed/spicedb/pkg/query/path.go:100.2,103.29 2 1
github.com/authzed/spicedb/pkg/query/path.go:103.29,104.68 1 1
github.com/authzed/spicedb/pkg/query/path.go:104.68,106.4 1 1
github.com/authzed/spicedb/pkg/query/path.go:110.2,115.27 2 1
github.com/authzed/spicedb/pkg/query/path.go:115.27,116.24 1 1
github.com/authzed/spicedb/pkg/query/path.go:116.24,118.4 1 1
github.com/authzed/spicedb/pkg/query/path.go:119.3,119.40 1 1
github.com/authzed/spicedb/pkg/query/path.go:122.2,122.12 1 1
github.com/authzed/spicedb/pkg/query/path.go:125.33,126.25 1 1
github.com/authzed/spicedb/pkg/query/path.go:126.25,128.3 1 1
github.com/authzed/spicedb/pkg/query/path.go:129.2,129.40 1 1
github.com/authzed/spicedb/pkg/query/path.go:133.53,140.31 3 1
github.com/authzed/spicedb/pkg/query/path.go:140.31,142.3 1 1
github.com/authzed/spicedb/pkg/query/path.go:144.2,145.34 2 1
github.com/authzed/spicedb/pkg/query/path.go:145.34,147.3 1 1
github.com/authzed/spicedb/pkg/query/path.go:149.2,157.3 1 1
github.com/authzed/spicedb/pkg/query/path.go:161.61,162.22 1 1
github.com/authzed/spicedb/pkg/query/path.go:162.22,164.3 1 1
github.com/authzed/spicedb/pkg/query/path.go:166.2,173.21 3 1
github.com/authzed/spicedb/pkg/query/path.go:173.21,174.34 1 1
github.com/authzed/spicedb/pkg/query/path.go:174.34,176.4 1 1
github.com/authzed/spicedb/pkg/query/path.go:176.9,179.4 1 1
github.com/authzed/spicedb/pkg/query/path.go:182.2,183.26 2 1
github.com/authzed/spicedb/pkg/query/path.go:183.26,184.27 1 1
github.com/authzed/spicedb/pkg/query/path.go:184.27,186.4 1 1
github.com/authzed/spicedb/pkg/query/path.go:187.3,187.29 1 1
github.com/authzed/spicedb/pkg/query/path.go:190.2,198.8 1 1
github.com/authzed/spicedb/pkg/query/path.go:204.55,207.2 2 1
github.com/authzed/spicedb/pkg/query/path.go:210.50,211.30 1 1
github.com/authzed/spicedb/pkg/query/path.go:211.30,213.3 1 1
github.com/authzed/spicedb/pkg/query/path.go:215.2,218.47 1 1
github.com/authzed/spicedb/pkg/query/path.go:222.41,223.30 1 1
github.com/authzed/spicedb/pkg/query/path.go:223.30,225.3 1 1
github.com/authzed/spicedb/pkg/query/path.go:228.2,233.48 1 1
github.com/authzed/spicedb/pkg/query/path.go:233.48,235.3 1 1
github.com/authzed/spicedb/pkg/query/path.go:238.2,238.56 1 1
github.com/authzed/spicedb/pkg/query/path.go:238.56,240.3 1 1
github.com/authzed/spicedb/pkg/query/path.go:241.2,241.94 1 1
github.com/authzed/spicedb/pkg/query/path.go:241.94,243.3 1 1
github.com/authzed/spicedb/pkg/query/path.go:246.2,246.48 1 1
github.com/authzed/spicedb/pkg/query/path.go:246.48,248.3 1 1
github.com/authzed/spicedb/pkg/query/path.go:249.2,249.44 1 1
github.com/authzed/spicedb/pkg/query/path.go:249.44,252.49 1 1
github.com/authzed/spicedb/pkg/query/path.go:252.49,254.4 1 1
github.com/authzed/spicedb/pkg/query/path.go:258.2,258.45 1 1
github.com/authzed/spicedb/pkg/query/path.go:258.45,260.3 1 1
github.com/authzed/spicedb/pkg/query/path.go:263.2,263.46 1 1
github.com/authzed/spicedb/pkg/query/path.go:263.46,265.3 1 1
github.com/authzed/spicedb/pkg/query/path.go:266.2,266.40 1 1
github.com/authzed/spicedb/pkg/query/path.go:266.40,267.56 1 1
github.com/authzed/spicedb/pkg/query/path.go:267.56,269.4 1 1
github.com/authzed/spicedb/pkg/query/path.go:272.2,272.13 1 1
github.com/authzed/spicedb/pkg/query/path.go:276.47,278.26 2 1
github.com/authzed/spicedb/pkg/query/path.go:278.26,279.17 1 1
github.com/authzed/spicedb/pkg/query/path.go:279.17,281.4 1 1
github.com/authzed/spicedb/pkg/query/path.go:282.3,282.23 1 1
github.com/authzed/spicedb/pkg/query/path.go:284.2,284.17 1 1
github.com/authzed/spicedb/pkg/query/simplify_caveat.go:13.93,17.64 2 1
github.com/authzed/spicedb/pkg/query/simplify_caveat.go:17.64,18.54 1 1
github.com/authzed/spicedb/pkg/query/simplify_caveat.go:18.54,20.4 1 1
github.com/authzed/spicedb/pkg/query/simplify_caveat.go:24.2,24.33 1 1
github.com/authzed/spicedb/pkg/query/simplify_caveat.go:24.33,26.3 1 1
github.com/authzed/spicedb/pkg/query/simplify_caveat.go:28.2,28.20 1 1
github.com/authzed/spicedb/pkg/query/simplify_caveat.go:33.106,40.33 3 1
github.com/authzed/spicedb/pkg/query/simplify_caveat.go:40.33,42.3 1 1
github.com/authzed/spicedb/pkg/query/simplify_caveat.go:44.2,44.20 1 1
github.com/authzed/spicedb/pkg/query/simplify_caveat.go:48.90,49.17 1 1
github.com/authzed/spicedb/pkg/query/simplify_caveat.go:49.17,51.3 1 1
github.com/authzed/spicedb/pkg/query/simplify_caveat.go:54.2,54.64 1 1
github.com/authzed/spicedb/pkg/query/simplify_caveat.go:54.64,55.54 1 1
github.com/authzed/spicedb/pkg/query/simplify_caveat.go:55.54,56.43 1 1
github.com/authzed/spicedb/pkg/query/simplify_caveat.go:56.43,58.5 1 1
github.com/authzed/spicedb/pkg/query/simplify_caveat.go:63.2,63.32 1 1
github.com/authzed/spicedb/pkg/query/simplify_caveat.go:63.32,64.54 1 1
github.com/authzed/spicedb/pkg/query/simplify_caveat.go:64.54,66.4 1 1
github.com/authzed/spicedb/pkg/query/simplify_caveat.go:83.41,84.83 1 1
github.com/authzed/spicedb/pkg/query/simplify_caveat.go:84.83,86.3 1 0
github.com/authzed/spicedb/pkg/query/simplify_caveat.go:88.2,88.77 1 1
github.com/authzed/spicedb/pkg/query/simplify_caveat.go:97.41,99.29 1 1
github.com/authzed/spicedb/pkg/query/simplify_caveat.go:99.29,101.3 1 1
github.com/authzed/spicedb/pkg/query/simplify_caveat.go:104.2,105.16 2 1
github.com/authzed/spicedb/pkg/query/simplify_caveat.go:105.16,107.3 1 0
github.com/authzed/spicedb/pkg/query/simplify_caveat.go:109.2,109.67 1 1
github.com/authzed/spicedb/pkg/query/simplify_caveat.go:118.41,121.32 2 1
github.com/authzed/spicedb/pkg/query/simplify_caveat.go:121.32,124.3 1 0
github.com/authzed/spicedb/pkg/query/simplify_caveat.go:124.8,127.3 1 1
github.com/authzed/spicedb/pkg/query/simplify_caveat.go:129.2,130.16 2 1
github.com/authzed/spicedb/pkg/query/simplify_caveat.go:130.16,132.3 1 1
github.com/authzed/spicedb/pkg/query/simplify_caveat.go:134.2,134.24 1 1
github.com/authzed/spicedb/pkg/query/simplify_caveat.go:134.24,137.3 1 1
github.com/authzed/spicedb/pkg/query/simplify_caveat.go:139.2,139.20 1 1
github.com/authzed/spicedb/pkg/query/simplify_caveat.go:139.20,142.3 1 1
github.com/authzed/spicedb/pkg/query/simplify_caveat.go:142.8,145.3 1 1
github.com/authzed/spicedb/pkg/query/simplify_caveat.go:155.41,156.16 1 1
github.com/authzed/spicedb/pkg/query/simplify_caveat.go:157.32,158.71 1 1
github.com/authzed/spicedb/pkg/query/simplify_caveat.go:159.31,160.70 1 1
github.com/authzed/spicedb/pkg/query/simplify_caveat.go:161.32,162.71 1 1
github.com/authzed/spicedb/pkg/query/simplify_caveat.go:163.10,165.25 1 0
github.com/authzed/spicedb/pkg/query/simplify_caveat.go:176.41,179.37 2 1
github.com/authzed/spicedb/pkg/query/simplify_caveat.go:179.37,181.17 2 1
github.com/authzed/spicedb/pkg/query/simplify_caveat.go:181.17,183.4 1 0
github.com/authzed/spicedb/pkg/query/simplify_caveat.go:185.3,185.34 1 1
github.com/authzed/spicedb/pkg/query/simplify_caveat.go:185.34,187.12 1 1
github.com/authzed/spicedb/pkg/query/simplify_caveat.go:188.9,188.21 1 1
github.com/authzed/spicedb/pkg/query/simplify_caveat.go:188.21,191.4 1 1
github.com/authzed/spicedb/pkg/query/simplify_caveat.go:191.9,194.4 1 1
github.com/authzed/spicedb/pkg/query/simplify_caveat.go:198.2,198.34 1 1
github.com/authzed/spicedb/pkg/query/simplify_caveat.go:198.34,201.3 1 1
github.com/authzed/spicedb/pkg/query/simplify_caveat.go:202.2,202.34 1 1
github.com/authzed/spicedb/pkg/query/simplify_caveat.go:202.34,205.3 1 1
github.com/authzed/spicedb/pkg/query/simplify_caveat.go:208.2,215.14 1 0
github.com/authzed/spicedb/pkg/query/simplify_caveat.go:225.41,228.37 2 1
github.com/authzed/spicedb/pkg/query/simplify_caveat.go:228.37,230.17 2 1
github.com/authzed/spicedb/pkg/query/simplify_caveat.go:230.17,232.4 1 0
github.com/authzed/spicedb/pkg/query/simplify_caveat.go:234.3,234.34 1 1
github.com/authzed/spicedb/pkg/query/simplify_caveat.go:234.34,237.4 1 1
github.com/authzed/spicedb/pkg/query/simplify_caveat.go:237.9,237.21 1 1
github.com/authzed/spicedb/pkg/query/simplify_caveat.go:237.21,239.12 1 1
github.com/authzed/spicedb/pkg/query/simplify_caveat.go:240.9,243.4 1 1
github.com/authzed/spicedb/pkg/query/simplify_caveat.go:247.2,247.34 1 1
github.com/authzed/spicedb/pkg/query/simplify_caveat.go:247.34,250.3 1 1
github.com/authzed/spicedb/pkg/query/simplify_caveat.go:251.2,251.34 1 1
github.com/authzed/spicedb/pkg/query/simplify_caveat.go:251.34,254.3 1 1
github.com/authzed/spicedb/pkg/query/simplify_caveat.go:257.2,264.14 1 0
github.com/authzed/spicedb/pkg/query/simplify_caveat.go:274.41,275.28 1 1
github.com/authzed/spicedb/pkg/query/simplify_caveat.go:275.28,278.3 1 0
github.com/authzed/spicedb/pkg/query/simplify_caveat.go:280.2,282.16 3 1
github.com/authzed/spicedb/pkg/query/simplify_caveat.go:282.16,284.3 1 0
github.com/authzed/spicedb/pkg/query/simplify_caveat.go:286.2,286.33 1 1
github.com/authzed/spicedb/pkg/query/simplify_caveat.go:286.33,289.3 1 1
github.com/authzed/spicedb/pkg/query/simplify_caveat.go:289.8,289.20 1 1
github.com/authzed/spicedb/pkg/query/simplify_caveat.go:289.20,292.3 1 1
github.com/authzed/spicedb/pkg/query/simplify_caveat.go:292.8,302.3 1 0
github.com/authzed/spicedb/pkg/query/testutil.go:13.122,28.2 1 1
github.com/authzed/spicedb/pkg/query/testutil.go:31.54,57.32 3 1
github.com/authzed/spicedb/pkg/query/testutil.go:57.32,59.3 1 1
github.com/authzed/spicedb/pkg/query/testutil.go:60.2,60.35 1 1
github.com/authzed/spicedb/pkg/query/testutil.go:64.55,87.32 3 1
github.com/authzed/spicedb/pkg/query/testutil.go:87.32,89.3 1 1
github.com/authzed/spicedb/pkg/query/testutil.go:90.2,90.35 1 1
github.com/authzed/spicedb/pkg/query/testutil.go:94.49,116.32 3 1
github.com/authzed/spicedb/pkg/query/testutil.go:116.32,118.3 1 1
github.com/authzed/spicedb/pkg/query/testutil.go:119.2,119.35 1 1
github.com/authzed/spicedb/pkg/query/testutil.go:123.55,145.32 3 0
github.com/authzed/spicedb/pkg/query/testutil.go:145.32,147.3 1 0
github.com/authzed/spicedb/pkg/query/testutil.go:148.2,148.35 1 0
github.com/authzed/spicedb/pkg/query/testutil.go:152.63,163.32 3 1
github.com/authzed/spicedb/pkg/query/testutil.go:163.32,165.3 1 1
github.com/authzed/spicedb/pkg/query/testutil.go:166.2,166.35 1 1
github.com/authzed/spicedb/pkg/query/testutil.go:170.45,172.2 1 1
github.com/authzed/spicedb/pkg/query/testutil.go:175.45,179.27 2 1
github.com/authzed/spicedb/pkg/query/testutil.go:179.27,183.27 2 1
github.com/authzed/spicedb/pkg/query/testutil.go:183.27,186.4 2 1
github.com/authzed/spicedb/pkg/query/testutil.go:189.3,189.15 1 1
github.com/authzed/spicedb/pkg/query/testutil.go:189.15,190.27 1 1
github.com/authzed/spicedb/pkg/query/testutil.go:190.27,193.5 2 1
github.com/authzed/spicedb/pkg/query/testutil.go:197.3,197.16 1 1
github.com/authzed/spicedb/pkg/query/testutil.go:197.16,200.4 2 1
github.com/authzed/spicedb/pkg/query/testutil.go:203.2,204.32 2 1
github.com/authzed/spicedb/pkg/query/testutil.go:204.32,206.3 1 1
github.com/authzed/spicedb/pkg/query/testutil.go:207.2,207.35 1 1
github.com/authzed/spicedb/pkg/query/testutil.go:211.62,229.32 3 0
github.com/authzed/spicedb/pkg/query/testutil.go:229.32,231.3 1 0
github.com/authzed/spicedb/pkg/query/testutil.go:232.2,232.35 1 0
github.com/authzed/spicedb/pkg/query/testutil.go:238.109,243.31 3 0
github.com/authzed/spicedb/pkg/query/testutil.go:243.31,247.3 2 0
github.com/authzed/spicedb/pkg/query/testutil.go:249.2,250.29 2 0
github.com/authzed/spicedb/pkg/query/testutil.go:250.29,254.3 2 0
github.com/authzed/spicedb/pkg/query/testutil.go:256.2,256.59 1 0
github.com/authzed/spicedb/pkg/query/testutil.go:267.114,268.25 1 1
github.com/authzed/spicedb/pkg/query/testutil.go:268.25,270.3 1 1
github.com/authzed/spicedb/pkg/query/testutil.go:272.2,272.27 1 1
github.com/authzed/spicedb/pkg/query/testutil.go:272.27,273.46 1 1
github.com/authzed/spicedb/pkg/query/testutil.go:273.46,275.4 1 1
github.com/authzed/spicedb/pkg/query/testutil.go:278.2,278.28 1 0
github.com/authzed/spicedb/pkg/query/testutil.go:281.91,282.25 1 1
github.com/authzed/spicedb/pkg/query/testutil.go:282.25,284.3 1 1
github.com/authzed/spicedb/pkg/query/testutil.go:286.2,286.27 1 1
github.com/authzed/spicedb/pkg/query/testutil.go:286.27,287.46 1 1
github.com/authzed/spicedb/pkg/query/testutil.go:287.46,289.4 1 1
github.com/authzed/spicedb/pkg/query/testutil.go:292.2,292.28 1 0
github.com/authzed/spicedb/pkg/query/testutil.go:295.102,296.25 1 1
github.com/authzed/spicedb/pkg/query/testutil.go:296.25,298.3 1 1
github.com/authzed/spicedb/pkg/query/testutil.go:300.2,300.27 1 1
github.com/authzed/spicedb/pkg/query/testutil.go:300.27,301.46 1 1
github.com/authzed/spicedb/pkg/query/testutil.go:301.46,303.4 1 1
github.com/authzed/spicedb/pkg/query/testutil.go:306.2,306.28 1 0
github.com/authzed/spicedb/pkg/query/testutil.go:309.43,314.2 1 0
github.com/authzed/spicedb/pkg/query/testutil.go:316.44,318.2 1 0
github.com/authzed/spicedb/pkg/query/testutil.go:321.85,326.2 1 1
github.com/authzed/spicedb/pkg/query/types.go:49.34,51.2 1 1
github.com/authzed/spicedb/pkg/query/types.go:54.49,56.35 2 1
github.com/authzed/spicedb/pkg/query/types.go:56.35,58.3 1 1
github.com/authzed/spicedb/pkg/query/types.go:59.2,59.82 1 1
github.com/authzed/spicedb/pkg/query/union.go:15.24,17.2 1 1
github.com/authzed/spicedb/pkg/query/union.go:19.48,21.2 1 1
github.com/authzed/spicedb/pkg/query/union.go:23.105,28.36 3 1
github.com/authzed/spicedb/pkg/query/union.go:28.36,32.17 3 1
github.com/authzed/spicedb/pkg/query/union.go:32.17,34.4 1 0
github.com/authzed/spicedb/pkg/query/union.go:35.3,36.17 2 1
github.com/authzed/spicedb/pkg/query/union.go:36.17,38.4 1 0
github.com/authzed/spicedb/pkg/query/union.go:40.3,41.30 2 1
github.com/authzed/spicedb/pkg/query/union.go:44.2,49.27 3 1
github.com/authzed/spicedb/pkg/query/union.go:49.27,52.45 2 1
github.com/authzed/spicedb/pkg/query/union.go:52.45,54.4 1 1
github.com/authzed/spicedb/pkg/query/union.go:54.9,57.49 1 1
github.com/authzed/spicedb/pkg/query/union.go:57.49,59.5 1 0
github.com/authzed/spicedb/pkg/query/union.go:64.2,65.28 2 1
github.com/authzed/spicedb/pkg/query/union.go:65.28,67.3 1 1
github.com/authzed/spicedb/pkg/query/union.go:69.2,71.45 2 1
github.com/authzed/spicedb/pkg/query/union.go:71.45,72.42 1 1
github.com/authzed/spicedb/pkg/query/union.go:72.42,73.25 1 1
github.com/authzed/spicedb/pkg/query/union.go:73.25,75.5 1 0
github.com/authzed/spicedb/pkg/query/union.go:80.82,82.2 1 1
github.com/authzed/spicedb/pkg/query/union.go:84.93,86.2 1 1
github.com/authzed/spicedb/pkg/query/union.go:88.34,92.35 2 1
github.com/authzed/spicedb/pkg/query/union.go:92.35,94.3 1 1
github.com/authzed/spicedb/pkg/query/union.go:95.2,95.15 1 1
github.com/authzed/spicedb/pkg/query/union.go:98.35,100.30 2 1
github.com/authzed/spicedb/pkg/query/union.go:100.30,102.3 1 1
github.com/authzed/spicedb/pkg/query/union.go:103.2,107.3 1 1
